# JRE version: OpenJDK Runtime Environment (8.0_265-b01) (build 1.8.0_265-8u265-b01-0ubuntu2~20.04-b01)
# Java VM: OpenJDK 64-Bit Server VM (25.265-b01 mixed mode linux-amd64 compressed oops)
Heap:
 PSYoungGen      total 112640K, used 92329K [0x00000000f5580000, 0x00000000ffc00000, 0x0000000100000000)
  eden space 101888K, 80% used [0x00000000f5580000,0x00000000fa57f258,0x00000000fb900000)
  from space 10752K, 96% used [0x00000000fb900000,0x00000000fc32b2f8,0x00000000fc380000)
  to   space 34304K, 0% used [0x00000000fda80000,0x00000000fda80000,0x00000000ffc00000)
 ParOldGen       total 175104K, used 100858K [0x00000000e0000000, 0x00000000eab00000, 0x00000000f5580000)
  object space 175104K, 57% used [0x00000000e0000000,0x00000000e627eb90,0x00000000eab00000)
 Metaspace       used 78047K, capacity 81640K, committed 81792K, reserved 1120256K
  class space    used 10086K, capacity 10865K, committed 10880K, reserved 1048576K
GC Heap History (10 events):
Event: 95,675 GC heap before
{Heap before GC invocations=34 (full 3):
 PSYoungGen      total 136704K, used 105246K [0x00000000f5580000, 0x0000000100000000, 0x0000000100000000)
  eden space 97280K, 98% used [0x00000000f5580000,0x00000000fb2ebd38,0x00000000fb480000)
  from space 39424K, 24% used [0x00000000fd980000,0x00000000fe2dbe08,0x0000000100000000)
  to   space 37888K, 0% used [0x00000000fb480000,0x00000000fb480000,0x00000000fd980000)
 ParOldGen       total 175104K, used 55735K [0x00000000e0000000, 0x00000000eab00000, 0x00000000f5580000)
  object space 175104K, 31% used [0x00000000e0000000,0x00000000e366dd00,0x00000000eab00000)
 Metaspace       used 77284K, capacity 80642K, committed 80896K, reserved 1120256K
  class space    used 9991K, capacity 10742K, committed 10752K, reserved 1048576K
Event: 95,683 GC heap after
Heap after GC invocations=34 (full 3):
 PSYoungGen      total 108032K, used 10452K [0x00000000f5580000, 0x00000000ffb80000, 0x0000000100000000)
  eden space 97280K, 0% used [0x00000000f5580000,0x00000000f5580000,0x00000000fb480000)
  from space 10752K, 97% used [0x00000000fb480000,0x00000000fbeb5118,0x00000000fbf00000)
  to   space 36352K, 0% used [0x00000000fd800000,0x00000000fd800000,0x00000000ffb80000)
 ParOldGen       total 175104K, used 63084K [0x00000000e0000000, 0x00000000eab00000, 0x00000000f5580000)
  object space 175104K, 36% used [0x00000000e0000000,0x00000000e3d9b2c8,0x00000000eab00000)
 Metaspace       used 77284K, capacity 80642K, committed 80896K, reserved 1120256K
  class space    used 9991K, capacity 10742K, committed 10752K, reserved 1048576K
}
Event: 95,834 GC heap before
{Heap before GC invocations=35 (full 3):
 PSYoungGen      total 108032K, used 107732K [0x00000000f5580000, 0x00000000ffb80000, 0x0000000100000000)
  eden space 97280K, 100% used [0x00000000f5580000,0x00000000fb480000,0x00000000fb480000)
  from space 10752K, 97% used [0x00000000fb480000,0x00000000fbeb5118,0x00000000fbf00000)
  to   space 36352K, 0% used [0x00000000fd800000,0x00000000fd800000,0x00000000ffb80000)
 ParOldGen       total 175104K, used 63084K [0x00000000e0000000, 0x00000000eab00000, 0x00000000f5580000)
  object space 175104K, 36% used [0x00000000e0000000,0x00000000e3d9b2c8,0x00000000eab00000)
 Metaspace       used 77288K, capacity 80642K, committed 80896K, reserved 1120256K
  class space    used 9991K, capacity 10742K, committed 10752K, reserved 1048576K
Event: 95,837 GC heap after
Heap after GC invocations=35 (full 3):
 PSYoungGen      total 133632K, used 897K [0x00000000f5580000, 0x0000000100000000, 0x0000000100000000)
  eden space 97280K, 0% used [0x00000000f5580000,0x00000000f5580000,0x00000000fb480000)
  from space 36352K, 2% used [0x00000000fd800000,0x00000000fd8e0480,0x00000000ffb80000)
  to   space 36352K, 0% used [0x00000000fb480000,0x00000000fb480000,0x00000000fd800000)
 ParOldGen       total 175104K, used 63682K [0x00000000e0000000, 0x00000000eab00000, 0x00000000f5580000)
  object space 175104K, 36% used [0x00000000e0000000,0x00000000e3e309b0,0x00000000eab00000)
 Metaspace       used 77288K, capacity 80642K, committed 80896K, reserved 1120256K
  class space    used 9991K, capacity 10742K, committed 10752K, reserved 1048576K
}
Event: 96,122 GC heap before
{Heap before GC invocations=36 (full 3):
 PSYoungGen      total 133632K, used 98177K [0x00000000f5580000, 0x0000000100000000, 0x0000000100000000)
  eden space 97280K, 100% used [0x00000000f5580000,0x00000000fb480000,0x00000000fb480000)
  from space 36352K, 2% used [0x00000000fd800000,0x00000000fd8e0480,0x00000000ffb80000)
  to   space 36352K, 0% used [0x00000000fb480000,0x00000000fb480000,0x00000000fd800000)
 ParOldGen       total 175104K, used 63690K [0x00000000e0000000, 0x00000000eab00000, 0x00000000f5580000)
  object space 175104K, 36% used [0x00000000e0000000,0x00000000e3e329c0,0x00000000eab00000)
 Metaspace       used 77334K, capacity 80770K, committed 80896K, reserved 1120256K
  class space    used 9992K, capacity 10742K, committed 10752K, reserved 1048576K
Event: 96,128 GC heap after
Heap after GC invocations=36 (full 3):
 PSYoungGen      total 133632K, used 19343K [0x00000000f5580000, 0x0000000100000000, 0x0000000100000000)
  eden space 97280K, 0% used [0x00000000f5580000,0x00000000f5580000,0x00000000fb480000)
  from space 36352K, 53% used [0x00000000fb480000,0x00000000fc763ff8,0x00000000fd800000)
  to   space 36352K, 0% used [0x00000000fdc80000,0x00000000fdc80000,0x0000000100000000)
 ParOldGen       total 175104K, used 64364K [0x00000000e0000000, 0x00000000eab00000, 0x00000000f5580000)
  object space 175104K, 36% used [0x00000000e0000000,0x00000000e3edb258,0x00000000eab00000)
 Metaspace       used 77334K, capacity 80770K, committed 80896K, reserved 1120256K
  class space    used 9992K, capacity 10742K, committed 10752K, reserved 1048576K
}
Event: 96,178 GC heap before
{Heap before GC invocations=37 (full 3):
 PSYoungGen      total 133632K, used 116623K [0x00000000f5580000, 0x0000000100000000, 0x0000000100000000)
  eden space 97280K, 100% used [0x00000000f5580000,0x00000000fb480000,0x00000000fb480000)
  from space 36352K, 53% used [0x00000000fb480000,0x00000000fc763ff8,0x00000000fd800000)
  to   space 36352K, 0% used [0x00000000fdc80000,0x00000000fdc80000,0x0000000100000000)
 ParOldGen       total 175104K, used 64368K [0x00000000e0000000, 0x00000000eab00000, 0x00000000f5580000)
  object space 175104K, 36% used [0x00000000e0000000,0x00000000e3edc148,0x00000000eab00000)
 Metaspace       used 77515K, capacity 80964K, committed 81280K, reserved 1120256K
  class space    used 10014K, capacity 10807K, committed 10880K, reserved 1048576K
Event: 96,187 GC heap after
Heap after GC invocations=37 (full 3):
 PSYoungGen      total 138240K, used 18882K [0x00000000f5580000, 0x0000000100000000, 0x0000000100000000)
  eden space 101888K, 0% used [0x00000000f5580000,0x00000000f5580000,0x00000000fb900000)
  from space 36352K, 51% used [0x00000000fdc80000,0x00000000feef0b00,0x0000000100000000)
  to   space 36352K, 0% used [0x00000000fb900000,0x00000000fb900000,0x00000000fdc80000)
 ParOldGen       total 175104K, used 75376K [0x00000000e0000000, 0x00000000eab00000, 0x00000000f5580000)
  object space 175104K, 43% used [0x00000000e0000000,0x00000000e499c2d0,0x00000000eab00000)
 Metaspace       used 77515K, capacity 80964K, committed 81280K, reserved 1120256K
  class space    used 10014K, capacity 10807K, committed 10880K, reserved 1048576K
}
Event: 96,272 GC heap before
{Heap before GC invocations=38 (full 3):
 PSYoungGen      total 138240K, used 120770K [0x00000000f5580000, 0x0000000100000000, 0x0000000100000000)
  eden space 101888K, 100% used [0x00000000f5580000,0x00000000fb900000,0x00000000fb900000)
  from space 36352K, 51% used [0x00000000fdc80000,0x00000000feef0b00,0x0000000100000000)
  to   space 36352K, 0% used [0x00000000fb900000,0x00000000fb900000,0x00000000fdc80000)
 ParOldGen       total 175104K, used 91764K [0x00000000e0000000, 0x00000000eab00000, 0x00000000f5580000)
  object space 175104K, 52% used [0x00000000e0000000,0x00000000e599d050,0x00000000eab00000)
 Metaspace       used 77560K, capacity 81028K, committed 81280K, reserved 1120256K
  class space    used 10014K, capacity 10807K, committed 10880K, reserved 1048576K
Event: 96,282 GC heap after
Heap after GC invocations=38 (full 3):
 PSYoungGen      total 112640K, used 10412K [0x00000000f5580000, 0x00000000ffc00000, 0x0000000100000000)
  eden space 101888K, 0% used [0x00000000f5580000,0x00000000f5580000,0x00000000fb900000)
  from space 10752K, 96% used [0x00000000fb900000,0x00000000fc32b2f8,0x00000000fc380000)
  to   space 34304K, 0% used [0x00000000fda80000,0x00000000fda80000,0x00000000ffc00000)
 ParOldGen       total 175104K, used 100858K [0x00000000e0000000, 0x00000000eab00000, 0x00000000f5580000)
  object space 175104K, 57% used [0x00000000e0000000,0x00000000e627eb90,0x00000000eab00000)
 Metaspace       used 77560K, capacity 81028K, committed 81280K, reserved 1120256K
  class space    used 10014K, capacity 10807K, committed 10880K, reserved 1048576K
}

